<?xml version="1.0" encoding="UTF-8"?>
<!-- Generated by org.testng.reporters.JUnitXMLReporter -->
<testsuite ignored="2" hostname="LAPTOP-04B1LE1H" failures="0" tests="1" name="Computer Page Test" time="6.393" errors="0" timestamp="2023-12-17T13:22:32 GMT">
  <testcase classname="com.nopcommerce.demo.testsuite.ComputerPageTest" name="verifyUserShouldNavigateToComputerPageSuccessfully" time="0.689"/>
  <testcase classname="com.nopcommerce.demo.testsuite.ComputerPageTest" name="verifyUserShouldNavigateToDesktopsPageSuccessfully" time="0.0">
    <ignored/>
  </testcase> <!-- verifyUserShouldNavigateToDesktopsPageSuccessfully -->
  <testcase classname="com.nopcommerce.demo.testsuite.ComputerPageTest" name="verifyThatUserShouldBuildYourOwnComputerAndAddToCartSuccessfully" time="0.0">
    <ignored/>
  </testcase> <!-- verifyThatUserShouldBuildYourOwnComputerAndAddToCartSuccessfully -->
</testsuite> <!-- Computer Page Test -->
