<?xml version="1.0" encoding="UTF-8"?>
<!-- Generated by org.testng.reporters.JUnitXMLReporter -->
<testsuite ignored="3" hostname="LAPTOP-04B1LE1H" failures="0" tests="1" name="Login Page Test" time="4.243" errors="0" timestamp="2023-12-17T13:22:40 GMT">
  <testcase classname="com.nopcommerce.demo.testsuite.LoginPageTest" name="verifyUserShouldNavigateToLoginPage" time="1.09"/>
  <testcase classname="com.nopcommerce.demo.testsuite.LoginPageTest" name="verifyThatUserShouldLogOutSuccessFully" time="0.0">
    <ignored/>
  </testcase> <!-- verifyThatUserShouldLogOutSuccessFully -->
  <testcase classname="com.nopcommerce.demo.testsuite.LoginPageTest" name="verifyErrorMessageWithInvalidCredentials" time="0.0">
    <ignored/>
  </testcase> <!-- verifyErrorMessageWithInvalidCredentials -->
  <testcase classname="com.nopcommerce.demo.testsuite.LoginPageTest" name="verifyThatUserShouldLogInSuccessFullyWithValidCredentials" time="0.0">
    <ignored/>
  </testcase> <!-- verifyThatUserShouldLogInSuccessFullyWithValidCredentials -->
</testsuite> <!-- Login Page Test -->
