<?xml version="1.0" encoding="UTF-8"?>
<!-- Generated by org.testng.reporters.JUnitXMLReporter -->
<testsuite ignored="2" hostname="LAPTOP-04B1LE1H" failures="0" tests="1" name="Registration Page Test" time="3.803" errors="0" timestamp="2023-12-17T13:22:36 GMT">
  <testcase classname="com.nopcommerce.demo.testsuite.RegisterPageTest" name="verifyUserShouldNavigateToRegisterPageSuccessfully" time="0.675"/>
  <testcase classname="com.nopcommerce.demo.testsuite.RegisterPageTest" name="verifyThatUserShouldCreateAccountSuccessfully" time="0.0">
    <ignored/>
  </testcase> <!-- verifyThatUserShouldCreateAccountSuccessfully -->
  <testcase classname="com.nopcommerce.demo.testsuite.RegisterPageTest" name="verifyThatFirstNameLastNameEmailPasswordAndConfirmPasswordFieldsAreMandatory" time="0.0">
    <ignored/>
  </testcase> <!-- verifyThatFirstNameLastNameEmailPasswordAndConfirmPasswordFieldsAreMandatory -->
</testsuite> <!-- Registration Page Test -->
