<?xml version="1.0" encoding="UTF-8"?>
<testsuite name="Login Page Test"
           tests="4"
           failures="0"
           errors="0"
           skipped="0"
           time="5.986">
  <properties />
  
  
            <testcase name="verifyThatUserShouldLogOutSuccessFully" time="1.907" classname="com.nopcommerce.demo.testsuite.LoginPageTest" />
                <testcase name="verifyThatUserShouldLogInSuccessFullyWithValidCredentials" time="1.673" classname="com.nopcommerce.demo.testsuite.LoginPageTest" />
                <testcase name="verifyErrorMessageWithInvalidCredentials" time="1.456" classname="com.nopcommerce.demo.testsuite.LoginPageTest" />
                <testcase name="verifyUserShouldNavigateToLoginPage" time="0.950" classname="com.nopcommerce.demo.testsuite.LoginPageTest" />
      
</testsuite>
