<?xml version="1.0" encoding="UTF-8"?>
<testng-results ignored="0" total="3" passed="3" failed="0" skipped="0">
  <reporter-output>
    <line>
      <![CDATA[Click on 'Computers' tab <br>]]>
    </line>
    <line>
      <![CDATA[Get pageTitle text : Computers<br>]]>
    </line>
    <line>
      <![CDATA[Clicking on register link Register<br>]]>
    </line>
    <line>
      <![CDATA[Get registerText : Register<br>]]>
    </line>
    <line>
      <![CDATA[Clicking on login link Log in<br>]]>
    </line>
    <line>
      <![CDATA[Getting welcome text Welcome, Please Sign In!<br>]]>
    </line>
  </reporter-output>
  <suite started-at="2023-12-17T13:22:25 GMT" name="Smoke Suite" finished-at="2023-12-17T13:22:40 GMT" duration-ms="14854">
    <groups>
      <group name="regression">
        <method signature="ComputerPageTest.verifyUserShouldNavigateToComputerPageSuccessfully()[pri:1, instance:com.nopcommerce.demo.testsuite.ComputerPageTest@4b2bac3f]" name="verifyUserShouldNavigateToComputerPageSuccessfully" class="com.nopcommerce.demo.testsuite.ComputerPageTest"/>
        <method signature="RegisterPageTest.verifyUserShouldNavigateToRegisterPageSuccessfully()[pri:1, instance:com.nopcommerce.demo.testsuite.RegisterPageTest@2d2ffcb7]" name="verifyUserShouldNavigateToRegisterPageSuccessfully" class="com.nopcommerce.demo.testsuite.RegisterPageTest"/>
        <method signature="LoginPageTest.verifyUserShouldNavigateToLoginPage()[pri:1, instance:com.nopcommerce.demo.testsuite.LoginPageTest@d21a74c]" name="verifyUserShouldNavigateToLoginPage" class="com.nopcommerce.demo.testsuite.LoginPageTest"/>
      </group> <!-- regression -->
      <group name="smoke">
        <method signature="ComputerPageTest.verifyUserShouldNavigateToComputerPageSuccessfully()[pri:1, instance:com.nopcommerce.demo.testsuite.ComputerPageTest@4b2bac3f]" name="verifyUserShouldNavigateToComputerPageSuccessfully" class="com.nopcommerce.demo.testsuite.ComputerPageTest"/>
        <method signature="RegisterPageTest.verifyUserShouldNavigateToRegisterPageSuccessfully()[pri:1, instance:com.nopcommerce.demo.testsuite.RegisterPageTest@2d2ffcb7]" name="verifyUserShouldNavigateToRegisterPageSuccessfully" class="com.nopcommerce.demo.testsuite.RegisterPageTest"/>
        <method signature="LoginPageTest.verifyUserShouldNavigateToLoginPage()[pri:1, instance:com.nopcommerce.demo.testsuite.LoginPageTest@d21a74c]" name="verifyUserShouldNavigateToLoginPage" class="com.nopcommerce.demo.testsuite.LoginPageTest"/>
      </group> <!-- smoke -->
    </groups>
    <test started-at="2023-12-17T13:22:25 GMT" name="Computer Page Test" finished-at="2023-12-17T13:22:32 GMT" duration-ms="6393">
      <class name="com.nopcommerce.demo.testsuite.ComputerPageTest">
        <test-method is-config="true" signature="setUp()[pri:0, instance:com.nopcommerce.demo.testsuite.ComputerPageTest@4b2bac3f]" started-at="2023-12-17T13:22:26 GMT" name="setUp" finished-at="2023-12-17T13:22:31 GMT" duration-ms="5081" status="PASS">
          <reporter-output>
          </reporter-output>
        </test-method> <!-- setUp -->
        <test-method is-config="true" signature="inIt()[pri:0, instance:com.nopcommerce.demo.testsuite.ComputerPageTest@4b2bac3f]" started-at="2023-12-17T13:22:31 GMT" name="inIt" finished-at="2023-12-17T13:22:31 GMT" duration-ms="76" status="PASS">
          <reporter-output>
          </reporter-output>
        </test-method> <!-- inIt -->
        <test-method signature="verifyUserShouldNavigateToComputerPageSuccessfully()[pri:1, instance:com.nopcommerce.demo.testsuite.ComputerPageTest@4b2bac3f]" started-at="2023-12-17T13:22:31 GMT" name="verifyUserShouldNavigateToComputerPageSuccessfully" finished-at="2023-12-17T13:22:31 GMT" duration-ms="689" status="PASS">
          <reporter-output>
            <line>
              <![CDATA[Click on 'Computers' tab <br>]]>
            </line>
            <line>
              <![CDATA[Get pageTitle text : Computers<br>]]>
            </line>
          </reporter-output>
        </test-method> <!-- verifyUserShouldNavigateToComputerPageSuccessfully -->
        <test-method is-config="true" signature="tearDown()[pri:0, instance:com.nopcommerce.demo.testsuite.ComputerPageTest@4b2bac3f]" started-at="2023-12-17T13:22:31 GMT" name="tearDown" finished-at="2023-12-17T13:22:32 GMT" duration-ms="195" status="PASS">
          <reporter-output>
          </reporter-output>
        </test-method> <!-- tearDown -->
      </class> <!-- com.nopcommerce.demo.testsuite.ComputerPageTest -->
    </test> <!-- Computer Page Test -->
    <test started-at="2023-12-17T13:22:32 GMT" name="Registration Page Test" finished-at="2023-12-17T13:22:36 GMT" duration-ms="3803">
      <class name="com.nopcommerce.demo.testsuite.RegisterPageTest">
        <test-method is-config="true" signature="setUp()[pri:0, instance:com.nopcommerce.demo.testsuite.RegisterPageTest@2d2ffcb7]" started-at="2023-12-17T13:22:32 GMT" name="setUp" finished-at="2023-12-17T13:22:35 GMT" duration-ms="2910" status="PASS">
          <reporter-output>
          </reporter-output>
        </test-method> <!-- setUp -->
        <test-method is-config="true" signature="inIt()[pri:0, instance:com.nopcommerce.demo.testsuite.RegisterPageTest@2d2ffcb7]" started-at="2023-12-17T13:22:35 GMT" name="inIt" finished-at="2023-12-17T13:22:35 GMT" duration-ms="16" status="PASS">
          <reporter-output>
          </reporter-output>
        </test-method> <!-- inIt -->
        <test-method signature="verifyUserShouldNavigateToRegisterPageSuccessfully()[pri:1, instance:com.nopcommerce.demo.testsuite.RegisterPageTest@2d2ffcb7]" started-at="2023-12-17T13:22:35 GMT" name="verifyUserShouldNavigateToRegisterPageSuccessfully" finished-at="2023-12-17T13:22:36 GMT" duration-ms="675" status="PASS">
          <reporter-output>
            <line>
              <![CDATA[Clicking on register link Register<br>]]>
            </line>
            <line>
              <![CDATA[Get registerText : Register<br>]]>
            </line>
          </reporter-output>
        </test-method> <!-- verifyUserShouldNavigateToRegisterPageSuccessfully -->
        <test-method is-config="true" signature="tearDown()[pri:0, instance:com.nopcommerce.demo.testsuite.RegisterPageTest@2d2ffcb7]" started-at="2023-12-17T13:22:36 GMT" name="tearDown" finished-at="2023-12-17T13:22:36 GMT" duration-ms="200" status="PASS">
          <reporter-output>
          </reporter-output>
        </test-method> <!-- tearDown -->
      </class> <!-- com.nopcommerce.demo.testsuite.RegisterPageTest -->
    </test> <!-- Registration Page Test -->
    <test started-at="2023-12-17T13:22:36 GMT" name="Login Page Test" finished-at="2023-12-17T13:22:40 GMT" duration-ms="4243">
      <class name="com.nopcommerce.demo.testsuite.LoginPageTest">
        <test-method is-config="true" signature="setUp()[pri:0, instance:com.nopcommerce.demo.testsuite.LoginPageTest@d21a74c]" started-at="2023-12-17T13:22:36 GMT" name="setUp" finished-at="2023-12-17T13:22:39 GMT" duration-ms="2949" status="PASS">
          <reporter-output>
          </reporter-output>
        </test-method> <!-- setUp -->
        <test-method is-config="true" signature="inIt()[pri:0, instance:com.nopcommerce.demo.testsuite.LoginPageTest@d21a74c]" started-at="2023-12-17T13:22:39 GMT" name="inIt" finished-at="2023-12-17T13:22:39 GMT" duration-ms="19" status="PASS">
          <reporter-output>
          </reporter-output>
        </test-method> <!-- inIt -->
        <test-method signature="verifyUserShouldNavigateToLoginPage()[pri:1, instance:com.nopcommerce.demo.testsuite.LoginPageTest@d21a74c]" started-at="2023-12-17T13:22:39 GMT" name="verifyUserShouldNavigateToLoginPage" finished-at="2023-12-17T13:22:40 GMT" duration-ms="1090" status="PASS">
          <reporter-output>
            <line>
              <![CDATA[Clicking on login link Log in<br>]]>
            </line>
            <line>
              <![CDATA[Getting welcome text Welcome, Please Sign In!<br>]]>
            </line>
          </reporter-output>
        </test-method> <!-- verifyUserShouldNavigateToLoginPage -->
        <test-method is-config="true" signature="tearDown()[pri:0, instance:com.nopcommerce.demo.testsuite.LoginPageTest@d21a74c]" started-at="2023-12-17T13:22:40 GMT" name="tearDown" finished-at="2023-12-17T13:22:40 GMT" duration-ms="180" status="PASS">
          <reporter-output>
          </reporter-output>
        </test-method> <!-- tearDown -->
      </class> <!-- com.nopcommerce.demo.testsuite.LoginPageTest -->
    </test> <!-- Login Page Test -->
  </suite> <!-- Smoke Suite -->
</testng-results>
